\BOOKMARK [0][-]{chapter.6}{Introduction}{}% 1
\BOOKMARK [1][-]{section.7}{Motivation}{chapter.6}% 2
\BOOKMARK [1][-]{section.8}{Contribution\040Overview}{chapter.6}% 3
\BOOKMARK [1][-]{section.9}{Thesis\040Overview}{chapter.6}% 4
\BOOKMARK [0][-]{chapter.10}{Preliminaries\040and\040Notation}{}% 5
\BOOKMARK [1][-]{section.11}{Set\040Theory}{chapter.10}% 6
\BOOKMARK [1][-]{section.12}{Graph\040Theory}{chapter.10}% 7
\BOOKMARK [2][-]{subsection.13}{Dominating\040Set}{section.12}% 8
\BOOKMARK [1][-]{section.14}{Complexity\040Theory}{chapter.10}% 9
\BOOKMARK [2][-]{subsection.15}{Decision\040Problems}{section.14}% 10
\BOOKMARK [2][-]{subsection.16}{NP,NP-Hard,\040NP-complete}{section.14}% 11
\BOOKMARK [2][-]{subsection.17}{Growth\040Rate\040of\040Function}{section.14}% 12
\BOOKMARK [2][-]{subsection.18}{Fixed\040Parameter\040Tractability}{section.14}% 13
\BOOKMARK [2][-]{subsection.19}{W-Hierarchy}{section.14}% 14
\BOOKMARK [2][-]{subsection.20}{Kernelization}{section.14}% 15
\BOOKMARK [1][-]{section.21}{Reduction\040Rules}{chapter.10}% 16
\BOOKMARK [2][-]{subsection.24}{DOMINATING\040SET}{section.21}% 17
\BOOKMARK [2][-]{subsection.25}{Hamming\040Distance}{section.21}% 18
\BOOKMARK [2][-]{subsection.26}{INCREEMENTAL\040DOMINATING\040SET}{section.21}% 19
\BOOKMARK [2][-]{subsection.27}{Harmness\040in\040INCREEMENTAL\040DOMINATING\040SET}{section.21}% 20
\BOOKMARK [0][-]{chapter.29}{Conclusion}{}% 21
